\BOOKMARK [0][-]{chapter*.2}{\376\377\000W\000s\000t\001\031\000p}{}% 1
\BOOKMARK [0][-]{chapter.1}{\376\377\000Z\000A\000G\000A\000D\000N\000I\000E\000N\000I\000E\000\040\000T\000E\000O\000R\000E\000T\000Y\000C\000Z\000N\000E\000\040\000I\000\040\000-\000\040\000D\000O\000T\000Y\000C\000Z\001\004\000C\000E\000\040\000S\000Z\000A\000C\000H\000\323\000W}{}% 2
\BOOKMARK [1][-]{section.1.1}{\376\377\000O\000P\000I\000S\000A\001\006\000\040\000Z\000A\000S\000A\000D\000Y\000\040\000G\000R\000Y\000\040\000W\000\040\000S\000Z\000A\000C\000H\000Y}{chapter.1}% 3
\BOOKMARK [1][-]{section.1.2}{\376\377\000O\000P\000I\000S\000A\001\006\000\040\000N\000O\000T\000A\000C\000J\001\030\000\040\000s\000z\000a\000c\000h\000o\000w\001\005}{chapter.1}% 4
\BOOKMARK [1][-]{section.1.3}{\376\377\000O\000P\000I\000S\000A\001\006\000\040\000s\000z\000a\000c\000h\000o\000w\000y\000\040\000s\000y\000s\000t\000e\000m\000\040\000G\000l\000i\000c\000k\000o\000-\0002\000\040\000\050\000o\000p\000a\000r\000t\000y\000\040\000n\000a\000\040\000r\000o\000z\000k\001\102\000a\000d\000z\000i\000e\000\040\000n\000o\000r\000m\000a\000l\000n\000y\000m\000\051}{chapter.1}% 5
\BOOKMARK [2][-]{subsection.1.3.1}{\376\377\000z\000\040\000u\000w\000z\000g\000l\001\031\000d\000n\000i\000e\000n\000i\000e\000m\000\040\000E\000L\000O\000\040\000n\000a\000\040\000p\000l\000a\000t\000f\000o\000r\000m\000i\000e\000\040\000L\000i\000c\000h\000e\000s\000s\000,\000\040\000z\000\040\000k\000t\000\363\000r\000e\000j\000\040\000b\000i\000e\000r\000z\000e\000m\000y\000\040\000d\000a\000n\000e}{section.1.3}% 6
\BOOKMARK [1][-]{section.1.4}{\376\377\000O\000P\000I\000S\000A\001\006\000\040\000j\000a\000k\000\040\000d\000z\000i\000a\001\102\000a\000\040\000E\000V\000A\000L}{chapter.1}% 7
\BOOKMARK [0][-]{chapter.2}{\376\377\000Z\000A\000G\000A\000D\000N\000I\000E\000N\000I\000E\000\040\000T\000E\000O\000R\000E\000T\000Y\000C\000Z\000N\000E\000\040\000I\000I\000\040\000-\000\040\000u\001\174\000y\000t\000e\000\040\000m\000e\000t\000o\000d\000y\000,\000\040\000t\000e\000o\000r\000i\000a\000\040\000s\000t\000o\000j\001\005\000c\000a\000\040\000z\000a\000\040\000r\000o\000z\000w\000i\001\005\000z\000a\000n\000i\000a\000m\000i\000\040\000p\000r\000o\000b\000l\000e\000m\000\363\000w}{}% 8
\BOOKMARK [0][-]{chapter.3}{\376\377\000s\000f\000o\000r\000m\000u\000o\000w\000a\000n\000i\000e\000\040\000p\000r\000o\000b\000l\000e\000m\000\363\000w\000\040\000a\000n\000a\000l\000i\000t\000y\000c\000z\000n\000y\000c\000h\000,\000\040\000k\000t\000\363\000r\000e\000\040\000c\000h\000c\000e\000\040\000z\000b\000a\000d\000a\001\007}{}% 9
\BOOKMARK [0][-]{chapter.4}{\376\377\000a\000n\000a\000l\000i\000z\000a\000\040\000/\000\040\000r\000o\000z\000w\000i\001\005\000z\000a\000n\000i\000e\000\040\000p\000r\000o\000b\000l\000e\000m\000\363\000w}{}% 10
\BOOKMARK [1][-]{section.4.1}{\376\377\000D\000a\000n\000e\000\040\000\050\000c\000o\000\040\000z\000a\000w\000i\000e\000r\000a\000j\001\005\000\040\000s\000u\000r\000o\000w\000e\000\040\000d\000a\000n\000e\000\051}{chapter.4}% 11
\BOOKMARK [2][-]{subsection.4.1.1}{\376\377\000O\000d\000f\000i\000l\000t\000r\000o\000w\000a\000n\000i\000e\000\040\000d\000a\000n\000y\000c\000h\000\040\000\050\000j\000a\000k\000\040\000z\000o\000s\000t\000a\000j\001\005\000\040\000p\000o\000z\000y\000s\000k\000a\000n\000e\000\051}{section.4.1}% 12
\BOOKMARK [1][-]{section.4.2}{\376\377\000A\000n\000a\000l\000i\000z\000a\000\040\000p\000i\000e\000r\000w\000s\000z\000e\000g\000o\000\040\000p\000r\000o\000b\000l\000e\000m\000u}{chapter.4}% 13
\BOOKMARK [1][-]{section.4.3}{\376\377\000a\000n\000a\000l\000i\000z\000a\000\040\000d\000r\000u\000g\000i\000e\000g\000o\000\040\000p\000r\000o\000b\000l\000e\000m\000u\000.\000.\000.\000\040\000a\000n\000d\000\040\000s\000o\000\040\000o\000n\000.\000.\000.}{chapter.4}% 14
\BOOKMARK [0][-]{chapter.5}{\376\377\000w\000n\000i\000o\000s\000k\000i\000,\000\040\000p\000o\000d\000s\000u\000m\000o\000w\000a\000n\000i\000e}{}% 15
\BOOKMARK [0][-]{chapter.6}{\376\377\000t\000a\000b\000e\000l\000k\000a}{}% 16
\BOOKMARK [0][-]{chapter.7}{\376\377\000r\000y\000s\000u\000n\000e\000k}{}% 17
\BOOKMARK [0][-]{chapter.8}{\376\377\000D\000e\000f\000i\000n\000i\000c\000j\000e\000,\000\040\000l\000e\000m\000a\000t\000y\000,\000\040\000t\000w\000i\000e\000r\000d\000z\000e\000n\000i\000a\000,\000\040\000p\000r\000z\000y\000k\001\102\000a\000d\000y\000\040\000i\000\040\000w\000n\000i\000o\000s\000k\000i}{}% 18
\BOOKMARK [0][-]{chapter.9}{\376\377\000c\000y\000t\000o\000w\000a\000n\000i\000e}{}% 19
\BOOKMARK [0][-]{chapter*.5}{\376\377\000D\000o\000d\000a\000t\000e\000k}{}% 20
